  Asteroids.cpp
C:\Users\Richard Jonker\source\repos\asteroids-cg\Asteroids\Asteroids\Asteroids.cpp(65,65): warning C4244: '+=': conversion from 'double' to 'float', possible loss of data
C:\Users\Richard Jonker\source\repos\asteroids-cg\Asteroids\Asteroids\Asteroids.cpp(66,59): warning C4244: '+=': conversion from 'double' to 'float', possible loss of data
C:\Users\Richard Jonker\source\repos\asteroids-cg\Asteroids\Asteroids\Asteroids.cpp(78,22): warning C4305: '-=': truncation from 'double' to 'float'
C:\Users\Richard Jonker\source\repos\asteroids-cg\Asteroids\Asteroids\Asteroids.cpp(98,69): warning C4244: '+=': conversion from 'double' to 'float', possible loss of data
C:\Users\Richard Jonker\source\repos\asteroids-cg\Asteroids\Asteroids\Asteroids.cpp(99,63): warning C4244: '+=': conversion from 'double' to 'float', possible loss of data
C:\Users\Richard Jonker\source\repos\asteroids-cg\Asteroids\Asteroids\Asteroids.cpp(216,18): warning C4305: '=': truncation from 'double' to 'float'
C:\Users\Richard Jonker\source\repos\asteroids-cg\Asteroids\Asteroids\Asteroids.cpp(221,11): warning C4244: 'initializing': conversion from 'double' to 'float', possible loss of data
C:\Users\Richard Jonker\source\repos\asteroids-cg\Asteroids\Asteroids\Asteroids.cpp(222,11): warning C4244: 'initializing': conversion from 'double' to 'float', possible loss of data
C:\Users\Richard Jonker\source\repos\asteroids-cg\Asteroids\Asteroids\Asteroids.cpp(223,11): warning C4244: 'initializing': conversion from 'double' to 'float', possible loss of data
C:\Users\Richard Jonker\source\repos\asteroids-cg\Asteroids\Asteroids\Asteroids.cpp(224,11): warning C4244: 'initializing': conversion from 'double' to 'float', possible loss of data
C:\Users\Richard Jonker\source\repos\asteroids-cg\Asteroids\Asteroids\Asteroids.cpp(233,28): warning C4244: '=': conversion from 'double' to 'float', possible loss of data
C:\Users\Richard Jonker\source\repos\asteroids-cg\Asteroids\Asteroids\Asteroids.cpp(236,17): warning C4244: '=': conversion from 'double' to 'float', possible loss of data
C:\Users\Richard Jonker\source\repos\asteroids-cg\Asteroids\Asteroids\Asteroids.cpp(310,22): warning C4305: '+=': truncation from 'double' to 'float'
C:\Users\Richard Jonker\source\repos\asteroids-cg\Asteroids\Asteroids\Asteroids.cpp(317,22): warning C4305: '-=': truncation from 'double' to 'float'
C:\Users\Richard Jonker\source\repos\asteroids-cg\Asteroids\Asteroids\Asteroids.cpp(353,34): warning C4326: return type of 'main' should be 'int' instead of 'void'
C:\Users\Richard Jonker\source\repos\asteroids-cg\Asteroids\Asteroids\Asteroids.cpp(358,20): warning C4244: '=': conversion from 'int' to 'float', possible loss of data
C:\Users\Richard Jonker\source\repos\asteroids-cg\Asteroids\Asteroids\Asteroids.cpp(362,20): warning C4244: '=': conversion from 'int' to 'float', possible loss of data
Asteroids.obj : error LNK2019: unresolved external symbol __imp_glutInitWindowSize referenced in function main
Asteroids.obj : error LNK2019: unresolved external symbol __imp_glutInitDisplayMode referenced in function main
Asteroids.obj : error LNK2019: unresolved external symbol __imp_glutMainLoop referenced in function main
Asteroids.obj : error LNK2019: unresolved external symbol __imp_glutPostRedisplay referenced in function "void __cdecl move(void)" (?move@@YAXXZ)
Asteroids.obj : error LNK2019: unresolved external symbol __imp_glutSwapBuffers referenced in function "void __cdecl render(void)" (?render@@YAXXZ)
Asteroids.obj : error LNK2019: unresolved external symbol __imp_glutTimerFunc referenced in function "void __cdecl timer(int)" (?timer@@YAXH@Z)
Asteroids.obj : error LNK2019: unresolved external symbol __imp_glutKeyboardFunc referenced in function main
Asteroids.obj : error LNK2019: unresolved external symbol __imp_glutReshapeFunc referenced in function main
Asteroids.obj : error LNK2019: unresolved external symbol __imp_glutDisplayFunc referenced in function main
Asteroids.obj : error LNK2019: unresolved external symbol __imp_glutMouseFunc referenced in function main
Asteroids.obj : error LNK2019: unresolved external symbol __imp___glutInitWithExit referenced in function glutInit_ATEXIT_HACK
Asteroids.obj : error LNK2019: unresolved external symbol __imp___glutCreateWindowWithExit referenced in function glutCreateWindow_ATEXIT_HACK
Asteroids.obj : error LNK2019: unresolved external symbol __imp_glutLeaveMainLoop referenced in function "void __cdecl keyboard(unsigned char,int,int)" (?keyboard@@YAXEHH@Z)
C:\Program Files\Freeglut\freeglut\freeglut\freeglut\lib\freeglut.lib : warning LNK4272: library machine type 'x86' conflicts with target machine type 'x64'
C:\Users\Richard Jonker\source\repos\asteroids-cg\Asteroids\x64\Debug\Asteroids.exe : fatal error LNK1120: 13 unresolved externals
